(ipamo,8nhyhgec)
(kaizy,e2kl3d9w)
(lhwbc,lwow22bj)
(mijhx,15ln2637)
(toxay,q7rr6boa)
(ubrjs,vjsgijlp)
(zhgxh,eipt3mwt)
[(faokr,KVSERROR)(uzvwd,KVSERROR)]
[(frjft,KVSMISSING)(hpgwo,KVSMISSING)(vncdv,KVSMISSING)]
[(nwouk,KVSMISSING)(xurae,KVSMISSING)]
[(hrwzz,KVSMISSING)(lugvv,KVSMISSING)(ocorq,KVSMISSING)(wjkre,KVSMISSING)]
[(bcnrw,KVSMISSING)(jblbg,KVSMISSING)(jqray,KVSMISSING)(mgtaz,KVSMISSING)(vosrz,KVSMISSING)]
[(gxzxu,KVSERROR)(lfuvt,KVSERROR)(okrnf,KVSERROR)]
(aeica,mj9ez7pv)
(aebiv,9yxp4gck)
(bzzgx,dvyhvjpg)
(cfrbz,uit3bf6f)
(dkdux,x2y7j9v3)
(eabfu,rmehfx5v)
(ewquj,ru7e5kw8)
(entgg,m35iu8nx)
(eopoz,bsea99if)
(gbynu,gtndbj7s)
(gpaac,tnnb36ve)
(hpduk,dlgkmvoe)
(ipamo,8nhyhgec)
(jagfh,zgjf4z54)
(kaizy,e2kl3d9w)
(lkkqn,ajydx6f0)
(lhwbc,lwow22bj)
(mijhx,15ln2637)
(oscpi,e1e17hxq)
(oyjdb,ddqtlojb)
(pnppc,i0n4hrxx)
(ptazb,uliit5w1)
(qapwz,qb0olwt7)
(qhryq,m52fk1vm)
(shhkj,jndunrjo)
(toxay,q7rr6boa)
(uswvr,bpv9yj6p)
(ubtsr,j9a6zs2l)
(ubrjs,vjsgijlp)
(xpsgg,hga2tuzv)
(xguzv,362ceczd)
(xpvzi,73vhr4oh)
(yzgin,b91f6ojt)
(yhdkg,qdzq3bb6)
(yrses,ofha6vrg)
(ygwql,9p0rbpbx)
(yqmcw,8zqgmclw)
(zhgxh,eipt3mwt)
[(alrfg,KVSERROR)(nlcfo,KVSERROR)(rinsv,KVSERROR)(zyvkc,KVSERROR)]
(aeica,mj9ez7pv)
(aebiv,9yxp4gck)
(bzzgx,dvyhvjpg)
(cfrbz,uit3bf6f)
(dkdux,x2y7j9v3)
(eabfu,rmehfx5v)
(ewquj,ru7e5kw8)
(entgg,m35iu8nx)
(eopoz,bsea99if)
(gbynu,gtndbj7s)
(gpaac,tnnb36ve)
(hpduk,dlgkmvoe)
(ipamo,8nhyhgec)
(jagfh,zgjf4z54)
(kaizy,e2kl3d9w)
(lkkqn,ajydx6f0)
(lhwbc,lwow22bj)
(mijhx,15ln2637)
(oscpi,e1e17hxq)
(oyjdb,ddqtlojb)
(pnppc,i0n4hrxx)
(ptazb,uliit5w1)
(qapwz,qb0olwt7)
(qhryq,m52fk1vm)
(shhkj,jndunrjo)
(toxay,q7rr6boa)
(uswvr,bpv9yj6p)
(ubtsr,j9a6zs2l)
(ubrjs,vjsgijlp)
(xpsgg,hga2tuzv)
(xguzv,362ceczd)
(xpvzi,73vhr4oh)
(yzgin,b91f6ojt)
(yhdkg,qdzq3bb6)
(yrses,ofha6vrg)
(ygwql,9p0rbpbx)
(yqmcw,8zqgmclw)
(zhgxh,eipt3mwt)
[(dfnza,KVSMISSING)(oqcaj,KVSMISSING)(uaabw,KVSMISSING)(xkrpr,KVSMISSING)]
