[(boxyq,KVSERROR)(molvd,KVSERROR)(awrdt,KVSERROR)]
(eomks,o0wjzydu)
(gilrp,ulo19yfr)
(rihvg,77jk63t2)
(uixcg,vgy4k7zb)
(xxtjm,ug3p4lwy)
[(ipdqz,KVSERROR)]
[(eninv,KVSMISSING)(doadb,KVSMISSING)(vuhhh,KVSMISSING)(fnmsd,KVSMISSING)]
(eomks,o0wjzydu)
(fmqid,xhw66vcp)
(gilrp,ulo19yfr)
(jinua,89rewmxd)
(qcvbl,ibh6esrd)
(rihvg,77jk63t2)
(uixcg,vgy4k7zb)
(xxtjm,ug3p4lwy)
(zgtcs,1ss94cpc)
[(slyuz,KVSMISSING)(jerzk,KVSMISSING)(fpxpg,KVSMISSING)(ubjcc,KVSMISSING)]
[(gbosv,KVSMISSING)(xfhzd,KVSMISSING)(kloyl,KVSMISSING)]
[(gyxam,KVSERROR)(moxtq,KVSERROR)]
[(bvhgr,KVSERROR)(dnrby,KVSERROR)]
(dtxsq,zuvayhfa)
(eomks,o0wjzydu)
(fmqid,xhw66vcp)
(gyxmp,wbvielwe)
(gilrp,ulo19yfr)
(hdhbh,qh9wk9pl)
(hwhys,yltkoi9z)
(jinua,89rewmxd)
(nlxge,ch8tq51y)
(oosyy,1qjp1c9d)
(qcvbl,ibh6esrd)
(rdshn,645bpxc0)
(rihvg,77jk63t2)
(sguaz,s4ii9cpr)
(uixcg,vgy4k7zb)
(wvofd,3k6xnqx4)
(xxtjm,ug3p4lwy)
(zpbxr,zz2fupz5)
(zddha,izfebso2)
(zgtcs,1ss94cpc)
[(nogwd,KVSERROR)(kwtxd,KVSERROR)(xqtvs,KVSERROR)(vwdex,KVSERROR)]
