[(demxy,KVSERROR)(fejsn,KVSERROR)(ilvhi,KVSERROR)(vzmsm,KVSERROR)(yosvp,KVSERROR)]
[(fllwo,KVSMISSING)(xewdi,KVSMISSING)]
[(amjyl,KVSERROR)(ngqke,KVSERROR)(xinsc,KVSERROR)]
[(gdrva,KVSMISSING)]
[(afekw,KVSERROR)(lkuxu,KVSERROR)(llxnh,KVSERROR)(msfkh,KVSERROR)(rtuzs,KVSERROR)]
(adsvw,u1qnsh1x)
(afkpx,5mbxu92h)
(atwto,otkn640o)
(asysp,prwxdh9p)
(aeica,mj9ez7pv)
(aebiv,9yxp4gck)
(bndiu,ssfoj6n7)
(bkpxv,yxz9jjn8)
(bzzgx,dvyhvjpg)
(cakbb,ng02de2e)
(cfrbz,uit3bf6f)
(dkdux,x2y7j9v3)
(eludg,gfkq1wjz)
(eouuu,xgjur03t)
(eabfu,rmehfx5v)
(ewquj,ru7e5kw8)
(entgg,m35iu8nx)
(eopoz,bsea99if)
(foitx,td2zqs9u)
(ftolf,549rzzh2)
(gooqr,ud0vj74t)
(gwlmc,6vz3vyvo)
(gzrut,655y0e61)
(gppoc,zfpobntb)
(gbynu,gtndbj7s)
(gpaac,tnnb36ve)
(hpywh,6j44mecf)
(hpduk,dlgkmvoe)
(ittph,oa3a7adx)
(ipamo,8nhyhgec)
(jvyzm,wdo2qkq4)
(jagfh,zgjf4z54)
(kygqc,r8anbrg3)
(kbulm,gtpdgqrv)
(kogob,zbzrx3ih)
(kaizy,e2kl3d9w)
(lvyxy,xmrc23k6)
(lpcuz,ko9em9wt)
(lkkqn,ajydx6f0)
(lhwbc,lwow22bj)
(mqnfd,k1opfhlr)
(mvzdn,cv3p9s2b)
(mijhx,15ln2637)
(nxell,e2ily8nx)
(ojjvr,98pfk0wy)
(oscpi,e1e17hxq)
(oyjdb,ddqtlojb)
(pbgjg,6rkolre5)
(pnppc,i0n4hrxx)
(ptazb,uliit5w1)
(qqcli,o36n2v5v)
(qzwon,v1blfq6b)
(qvxto,hp0l64xe)
(qapwz,qb0olwt7)
(qhryq,m52fk1vm)
(rdowc,v9bqqm1k)
(ryinn,prpdg27n)
(rvpec,afi0ybaz)
(shhkj,jndunrjo)
(toxay,q7rr6boa)
(uluzp,a6tvbzhd)
(usirm,jbdmg20n)
(uswvr,bpv9yj6p)
(ubtsr,j9a6zs2l)
(ubrjs,vjsgijlp)
(vqhtk,t1c4w2s2)
(wmerd,jyudk0ha)
(xmqtj,00vn2wf5)
(xurpy,ksp40qma)
(xpevi,xaxh6rw7)
(xpsgg,hga2tuzv)
(xguzv,362ceczd)
(xpvzi,73vhr4oh)
(ycssx,pwzzxbf5)
(ydjjq,g5znr0ns)
(yzgin,b91f6ojt)
(yhdkg,qdzq3bb6)
(yrses,ofha6vrg)
(ygwql,9p0rbpbx)
(yqmcw,8zqgmclw)
(zfgpz,3c0960lx)
(zbxxy,zu58sf6s)
(zkdlh,kvy0hp7c)
(zanhg,3ilfqw3a)
(zhgxh,eipt3mwt)
[(dewoa,KVSMISSING)(nvmdn,KVSMISSING)(pqljr,KVSMISSING)(vhsbu,KVSMISSING)(vqfdr,KVSMISSING)]
