[(igbbc,KVSERROR)]
(cfrbz,uit3bf6f)
(gpaac,tnnb36ve)
(ipamo,8nhyhgec)
(kaizy,e2kl3d9w)
(lhwbc,lwow22bj)
(mijhx,15ln2637)
(ptazb,uliit5w1)
(toxay,q7rr6boa)
(ubrjs,vjsgijlp)
(xpvzi,73vhr4oh)
(ygwql,9p0rbpbx)
(yqmcw,8zqgmclw)
(zhgxh,eipt3mwt)
[(egicw,KVSMISSING)(elizl,KVSMISSING)(pmssm,KVSMISSING)(udesu,KVSMISSING)]
[(clgmk,KVSERROR)]
(cfrbz,uit3bf6f)
(gpaac,tnnb36ve)
(ipamo,8nhyhgec)
(kaizy,e2kl3d9w)
(lhwbc,lwow22bj)
(mijhx,15ln2637)
(ptazb,uliit5w1)
(toxay,q7rr6boa)
(ubrjs,vjsgijlp)
(xpvzi,73vhr4oh)
(ygwql,9p0rbpbx)
(yqmcw,8zqgmclw)
(zhgxh,eipt3mwt)
[(codab,KVSMISSING)(extfp,KVSMISSING)(fmhii,KVSMISSING)(tzwic,KVSMISSING)(yocny,KVSMISSING)]
[(gwxjw,KVSERROR)(hnhct,KVSERROR)(zypdx,KVSERROR)]
[(wllpm,KVSERROR)]
[(iztvc,KVSERROR)(mulis,KVSERROR)(orwex,KVSERROR)(zkhpm,KVSERROR)]
[(fhqmg,KVSMISSING)(lxykl,KVSMISSING)(txvre,KVSMISSING)(xatmp,KVSMISSING)]
(asysp,prwxdh9p)
(aeica,mj9ez7pv)
(aebiv,9yxp4gck)
(bzzgx,dvyhvjpg)
(cfrbz,uit3bf6f)
(dkdux,x2y7j9v3)
(eouuu,xgjur03t)
(eabfu,rmehfx5v)
(ewquj,ru7e5kw8)
(entgg,m35iu8nx)
(eopoz,bsea99if)
(gppoc,zfpobntb)
(gbynu,gtndbj7s)
(gpaac,tnnb36ve)
(hpduk,dlgkmvoe)
(ipamo,8nhyhgec)
(jvyzm,wdo2qkq4)
(jagfh,zgjf4z54)
(kaizy,e2kl3d9w)
(lvyxy,xmrc23k6)
(lpcuz,ko9em9wt)
(lkkqn,ajydx6f0)
(lhwbc,lwow22bj)
(mvzdn,cv3p9s2b)
(mijhx,15ln2637)
(nxell,e2ily8nx)
(oscpi,e1e17hxq)
(oyjdb,ddqtlojb)
(pnppc,i0n4hrxx)
(ptazb,uliit5w1)
(qapwz,qb0olwt7)
(qhryq,m52fk1vm)
(ryinn,prpdg27n)
(rvpec,afi0ybaz)
(shhkj,jndunrjo)
(toxay,q7rr6boa)
(usirm,jbdmg20n)
(uswvr,bpv9yj6p)
(ubtsr,j9a6zs2l)
(ubrjs,vjsgijlp)
(xpevi,xaxh6rw7)
(xpsgg,hga2tuzv)
(xguzv,362ceczd)
(xpvzi,73vhr4oh)
(ydjjq,g5znr0ns)
(yzgin,b91f6ojt)
(yhdkg,qdzq3bb6)
(yrses,ofha6vrg)
(ygwql,9p0rbpbx)
(yqmcw,8zqgmclw)
(zhgxh,eipt3mwt)
[(egeti,KVSMISSING)(gwiaa,KVSMISSING)(krgmu,KVSMISSING)(owapx,KVSMISSING)]
(asysp,prwxdh9p)
(aeica,mj9ez7pv)
(aebiv,9yxp4gck)
(bzzgx,dvyhvjpg)
(cfrbz,uit3bf6f)
(dkdux,x2y7j9v3)
(eouuu,xgjur03t)
(eabfu,rmehfx5v)
(ewquj,ru7e5kw8)
(entgg,m35iu8nx)
(eopoz,bsea99if)
(gppoc,zfpobntb)
(gbynu,gtndbj7s)
(gpaac,tnnb36ve)
(hpduk,dlgkmvoe)
(ipamo,8nhyhgec)
(jvyzm,wdo2qkq4)
(jagfh,zgjf4z54)
(kaizy,e2kl3d9w)
(lvyxy,xmrc23k6)
(lpcuz,ko9em9wt)
(lkkqn,ajydx6f0)
(lhwbc,lwow22bj)
(mvzdn,cv3p9s2b)
(mijhx,15ln2637)
(nxell,e2ily8nx)
(oscpi,e1e17hxq)
(oyjdb,ddqtlojb)
(pnppc,i0n4hrxx)
(ptazb,uliit5w1)
(qapwz,qb0olwt7)
(qhryq,m52fk1vm)
(ryinn,prpdg27n)
(rvpec,afi0ybaz)
(shhkj,jndunrjo)
(toxay,q7rr6boa)
(usirm,jbdmg20n)
(uswvr,bpv9yj6p)
(ubtsr,j9a6zs2l)
(ubrjs,vjsgijlp)
(xpevi,xaxh6rw7)
(xpsgg,hga2tuzv)
(xguzv,362ceczd)
(xpvzi,73vhr4oh)
(ydjjq,g5znr0ns)
(yzgin,b91f6ojt)
(yhdkg,qdzq3bb6)
(yrses,ofha6vrg)
(ygwql,9p0rbpbx)
(yqmcw,8zqgmclw)
(zhgxh,eipt3mwt)
