(ipamo,8nhyhgec)
(kaizy,e2kl3d9w)
(lhwbc,lwow22bj)
(mijhx,15ln2637)
(toxay,q7rr6boa)
(ubrjs,vjsgijlp)
(zhgxh,eipt3mwt)
[(jckfz,KVSERROR)(xfmeq,KVSERROR)]
[(ebnje,KVSERROR)]
[(ktycs,KVSMISSING)(wbcgy,KVSMISSING)]
(bzzgx,dvyhvjpg)
(cfrbz,uit3bf6f)
(eopoz,bsea99if)
(gbynu,gtndbj7s)
(gpaac,tnnb36ve)
(ipamo,8nhyhgec)
(kaizy,e2kl3d9w)
(lhwbc,lwow22bj)
(mijhx,15ln2637)
(oyjdb,ddqtlojb)
(ptazb,uliit5w1)
(qapwz,qb0olwt7)
(qhryq,m52fk1vm)
(shhkj,jndunrjo)
(toxay,q7rr6boa)
(ubrjs,vjsgijlp)
(xpsgg,hga2tuzv)
(xguzv,362ceczd)
(xpvzi,73vhr4oh)
(yhdkg,qdzq3bb6)
(yrses,ofha6vrg)
(ygwql,9p0rbpbx)
(yqmcw,8zqgmclw)
(zhgxh,eipt3mwt)
[(eytve,KVSMISSING)]
(bzzgx,dvyhvjpg)
(cfrbz,uit3bf6f)
(eopoz,bsea99if)
(gbynu,gtndbj7s)
(gpaac,tnnb36ve)
(ipamo,8nhyhgec)
(kaizy,e2kl3d9w)
(lhwbc,lwow22bj)
(mijhx,15ln2637)
(oyjdb,ddqtlojb)
(ptazb,uliit5w1)
(qapwz,qb0olwt7)
(qhryq,m52fk1vm)
(shhkj,jndunrjo)
(toxay,q7rr6boa)
(ubrjs,vjsgijlp)
(xpsgg,hga2tuzv)
(xguzv,362ceczd)
(xpvzi,73vhr4oh)
(yhdkg,qdzq3bb6)
(yrses,ofha6vrg)
(ygwql,9p0rbpbx)
(yqmcw,8zqgmclw)
(zhgxh,eipt3mwt)
(bzzgx,dvyhvjpg)
(cfrbz,uit3bf6f)
(eopoz,bsea99if)
(gbynu,gtndbj7s)
(gpaac,tnnb36ve)
(ipamo,8nhyhgec)
(kaizy,e2kl3d9w)
(lhwbc,lwow22bj)
(mijhx,15ln2637)
(oyjdb,ddqtlojb)
(ptazb,uliit5w1)
(qapwz,qb0olwt7)
(qhryq,m52fk1vm)
(shhkj,jndunrjo)
(toxay,q7rr6boa)
(ubrjs,vjsgijlp)
(xpsgg,hga2tuzv)
(xguzv,362ceczd)
(xpvzi,73vhr4oh)
(yhdkg,qdzq3bb6)
(yrses,ofha6vrg)
(ygwql,9p0rbpbx)
(yqmcw,8zqgmclw)
(zhgxh,eipt3mwt)
[(bknwr,KVSERROR)(frkgs,KVSERROR)(rxjou,KVSERROR)(tjctn,KVSERROR)(wbche,KVSERROR)]
[(fvyms,KVSERROR)(juime,KVSERROR)(vwbbn,KVSERROR)(zcqlj,KVSERROR)]
