(asysp,prwxdh9p)
(aeica,mj9ez7pv)
(aebiv,9yxp4gck)
(bzzgx,dvyhvjpg)
(cfrbz,uit3bf6f)
(dkdux,x2y7j9v3)
(eouuu,xgjur03t)
(eabfu,rmehfx5v)
(ewquj,ru7e5kw8)
(entgg,m35iu8nx)
(eopoz,bsea99if)
(gppoc,zfpobntb)
(gbynu,gtndbj7s)
(gpaac,tnnb36ve)
(hpduk,dlgkmvoe)
(ipamo,8nhyhgec)
(jvyzm,wdo2qkq4)
(jagfh,zgjf4z54)
(kaizy,e2kl3d9w)
(lvyxy,xmrc23k6)
(lpcuz,ko9em9wt)
(lkkqn,ajydx6f0)
(lhwbc,lwow22bj)
(mvzdn,cv3p9s2b)
(mijhx,15ln2637)
(nxell,e2ily8nx)
(oscpi,e1e17hxq)
(oyjdb,ddqtlojb)
(pnppc,i0n4hrxx)
(ptazb,uliit5w1)
(qapwz,qb0olwt7)
(qhryq,m52fk1vm)
(ryinn,prpdg27n)
(rvpec,afi0ybaz)
(shhkj,jndunrjo)
(toxay,q7rr6boa)
(usirm,jbdmg20n)
(uswvr,bpv9yj6p)
(ubtsr,j9a6zs2l)
(ubrjs,vjsgijlp)
(xpevi,xaxh6rw7)
(xpsgg,hga2tuzv)
(xguzv,362ceczd)
(xpvzi,73vhr4oh)
(ydjjq,g5znr0ns)
(yzgin,b91f6ojt)
(yhdkg,qdzq3bb6)
(yrses,ofha6vrg)
(ygwql,9p0rbpbx)
(yqmcw,8zqgmclw)
(zhgxh,eipt3mwt)
[(chqed,KVSMISSING)(lqrtf,KVSMISSING)(pnfkt,KVSMISSING)(roicw,KVSMISSING)(sakzg,KVSMISSING)]
(asysp,prwxdh9p)
(aeica,mj9ez7pv)
(aebiv,9yxp4gck)
(bzzgx,dvyhvjpg)
(cfrbz,uit3bf6f)
(dkdux,x2y7j9v3)
(eouuu,xgjur03t)
(eabfu,rmehfx5v)
(ewquj,ru7e5kw8)
(entgg,m35iu8nx)
(eopoz,bsea99if)
(gppoc,zfpobntb)
(gbynu,gtndbj7s)
(gpaac,tnnb36ve)
(hpduk,dlgkmvoe)
(ipamo,8nhyhgec)
(jvyzm,wdo2qkq4)
(jagfh,zgjf4z54)
(kaizy,e2kl3d9w)
(lvyxy,xmrc23k6)
(lpcuz,ko9em9wt)
(lkkqn,ajydx6f0)
(lhwbc,lwow22bj)
(mvzdn,cv3p9s2b)
(mijhx,15ln2637)
(nxell,e2ily8nx)
(oscpi,e1e17hxq)
(oyjdb,ddqtlojb)
(pnppc,i0n4hrxx)
(ptazb,uliit5w1)
(qapwz,qb0olwt7)
(qhryq,m52fk1vm)
(ryinn,prpdg27n)
(rvpec,afi0ybaz)
(shhkj,jndunrjo)
(toxay,q7rr6boa)
(usirm,jbdmg20n)
(uswvr,bpv9yj6p)
(ubtsr,j9a6zs2l)
(ubrjs,vjsgijlp)
(xpevi,xaxh6rw7)
(xpsgg,hga2tuzv)
(xguzv,362ceczd)
(xpvzi,73vhr4oh)
(ydjjq,g5znr0ns)
(yzgin,b91f6ojt)
(yhdkg,qdzq3bb6)
(yrses,ofha6vrg)
(ygwql,9p0rbpbx)
(yqmcw,8zqgmclw)
(zhgxh,eipt3mwt)
[(dtknx,KVSMISSING)(lhzgz,KVSMISSING)(mewgk,KVSMISSING)(sfoja,KVSMISSING)(ywptp,KVSMISSING)]
[(dsqgq,KVSERROR)(rbkuw,KVSERROR)(tnvse,KVSERROR)(uusaf,KVSERROR)(wspwc,KVSERROR)]
[(aidke,KVSERROR)(eytex,KVSERROR)(fcvts,KVSERROR)(rrhgj,KVSERROR)(vpntq,KVSERROR)]
[(uxiqw,KVSMISSING)(xeisy,KVSMISSING)]
(adsvw,u1qnsh1x)
(afkpx,5mbxu92h)
(atwto,otkn640o)
(asysp,prwxdh9p)
(aeica,mj9ez7pv)
(aebiv,9yxp4gck)
(bkpxv,yxz9jjn8)
(bzzgx,dvyhvjpg)
(cakbb,ng02de2e)
(cfrbz,uit3bf6f)
(dkdux,x2y7j9v3)
(eouuu,xgjur03t)
(eabfu,rmehfx5v)
(ewquj,ru7e5kw8)
(entgg,m35iu8nx)
(eopoz,bsea99if)
(foitx,td2zqs9u)
(ftolf,549rzzh2)
(gwlmc,6vz3vyvo)
(gzrut,655y0e61)
(gppoc,zfpobntb)
(gbynu,gtndbj7s)
(gpaac,tnnb36ve)
(hpywh,6j44mecf)
(hpduk,dlgkmvoe)
(ittph,oa3a7adx)
(ipamo,8nhyhgec)
(jvyzm,wdo2qkq4)
(jagfh,zgjf4z54)
(kbulm,gtpdgqrv)
(kogob,zbzrx3ih)
(kaizy,e2kl3d9w)
(lvyxy,xmrc23k6)
(lpcuz,ko9em9wt)
(lkkqn,ajydx6f0)
(lhwbc,lwow22bj)
(mqnfd,k1opfhlr)
(mvzdn,cv3p9s2b)
(mijhx,15ln2637)
(nxell,e2ily8nx)
(ojjvr,98pfk0wy)
(oscpi,e1e17hxq)
(oyjdb,ddqtlojb)
(pbgjg,6rkolre5)
(pnppc,i0n4hrxx)
(ptazb,uliit5w1)
(qzwon,v1blfq6b)
(qvxto,hp0l64xe)
(qapwz,qb0olwt7)
(qhryq,m52fk1vm)
(ryinn,prpdg27n)
(rvpec,afi0ybaz)
(shhkj,jndunrjo)
(toxay,q7rr6boa)
(uluzp,a6tvbzhd)
(usirm,jbdmg20n)
(uswvr,bpv9yj6p)
(ubtsr,j9a6zs2l)
(ubrjs,vjsgijlp)
(wmerd,jyudk0ha)
(xurpy,ksp40qma)
(xpevi,xaxh6rw7)
(xpsgg,hga2tuzv)
(xguzv,362ceczd)
(xpvzi,73vhr4oh)
(ycssx,pwzzxbf5)
(ydjjq,g5znr0ns)
(yzgin,b91f6ojt)
(yhdkg,qdzq3bb6)
(yrses,ofha6vrg)
(ygwql,9p0rbpbx)
(yqmcw,8zqgmclw)
(zkdlh,kvy0hp7c)
(zanhg,3ilfqw3a)
(zhgxh,eipt3mwt)
[(buknt,KVSERROR)(dyfhn,KVSERROR)(xibik,KVSERROR)(xpnry,KVSERROR)]
