[(lyikx,KVSMISSING)(snldt,KVSMISSING)(unrco,KVSMISSING)]
[(hghwo,KVSMISSING)]
(cfrbz,uit3bf6f)
(gpaac,tnnb36ve)
(ipamo,8nhyhgec)
(kaizy,e2kl3d9w)
(lhwbc,lwow22bj)
(mijhx,15ln2637)
(ptazb,uliit5w1)
(toxay,q7rr6boa)
(ubrjs,vjsgijlp)
(xpvzi,73vhr4oh)
(ygwql,9p0rbpbx)
(yqmcw,8zqgmclw)
(zhgxh,eipt3mwt)
[(jthbq,KVSMISSING)(tsppl,KVSMISSING)]
(cfrbz,uit3bf6f)
(gpaac,tnnb36ve)
(ipamo,8nhyhgec)
(kaizy,e2kl3d9w)
(lhwbc,lwow22bj)
(mijhx,15ln2637)
(ptazb,uliit5w1)
(toxay,q7rr6boa)
(ubrjs,vjsgijlp)
(xpvzi,73vhr4oh)
(ygwql,9p0rbpbx)
(yqmcw,8zqgmclw)
(zhgxh,eipt3mwt)
(cfrbz,uit3bf6f)
(gpaac,tnnb36ve)
(ipamo,8nhyhgec)
(kaizy,e2kl3d9w)
(lhwbc,lwow22bj)
(mijhx,15ln2637)
(ptazb,uliit5w1)
(toxay,q7rr6boa)
(ubrjs,vjsgijlp)
(xpvzi,73vhr4oh)
(ygwql,9p0rbpbx)
(yqmcw,8zqgmclw)
(zhgxh,eipt3mwt)
[(bfmjj,KVSERROR)(fzgqt,KVSERROR)(muams,KVSERROR)(oripr,KVSERROR)]
[(bviwb,KVSERROR)(eaucm,KVSERROR)(enogj,KVSERROR)(mkeiy,KVSERROR)(nhhpo,KVSERROR)]
(aeica,mj9ez7pv)
(aebiv,9yxp4gck)
(bzzgx,dvyhvjpg)
(cfrbz,uit3bf6f)
(dkdux,x2y7j9v3)
(eabfu,rmehfx5v)
(ewquj,ru7e5kw8)
(entgg,m35iu8nx)
(eopoz,bsea99if)
(gbynu,gtndbj7s)
(gpaac,tnnb36ve)
(hpduk,dlgkmvoe)
(ipamo,8nhyhgec)
(jagfh,zgjf4z54)
(kaizy,e2kl3d9w)
(lkkqn,ajydx6f0)
(lhwbc,lwow22bj)
(mijhx,15ln2637)
(oscpi,e1e17hxq)
(oyjdb,ddqtlojb)
(pnppc,i0n4hrxx)
(ptazb,uliit5w1)
(qapwz,qb0olwt7)
(qhryq,m52fk1vm)
(shhkj,jndunrjo)
(toxay,q7rr6boa)
(uswvr,bpv9yj6p)
(ubtsr,j9a6zs2l)
(ubrjs,vjsgijlp)
(xpsgg,hga2tuzv)
(xguzv,362ceczd)
(xpvzi,73vhr4oh)
(yzgin,b91f6ojt)
(yhdkg,qdzq3bb6)
(yrses,ofha6vrg)
(ygwql,9p0rbpbx)
(yqmcw,8zqgmclw)
(zhgxh,eipt3mwt)
(aeica,mj9ez7pv)
(aebiv,9yxp4gck)
(bzzgx,dvyhvjpg)
(cfrbz,uit3bf6f)
(dkdux,x2y7j9v3)
(eabfu,rmehfx5v)
(ewquj,ru7e5kw8)
(entgg,m35iu8nx)
(eopoz,bsea99if)
(gbynu,gtndbj7s)
(gpaac,tnnb36ve)
(hpduk,dlgkmvoe)
(ipamo,8nhyhgec)
(jagfh,zgjf4z54)
(kaizy,e2kl3d9w)
(lkkqn,ajydx6f0)
(lhwbc,lwow22bj)
(mijhx,15ln2637)
(oscpi,e1e17hxq)
(oyjdb,ddqtlojb)
(pnppc,i0n4hrxx)
(ptazb,uliit5w1)
(qapwz,qb0olwt7)
(qhryq,m52fk1vm)
(shhkj,jndunrjo)
(toxay,q7rr6boa)
(uswvr,bpv9yj6p)
(ubtsr,j9a6zs2l)
(ubrjs,vjsgijlp)
(xpsgg,hga2tuzv)
(xguzv,362ceczd)
(xpvzi,73vhr4oh)
(yzgin,b91f6ojt)
(yhdkg,qdzq3bb6)
(yrses,ofha6vrg)
(ygwql,9p0rbpbx)
(yqmcw,8zqgmclw)
(zhgxh,eipt3mwt)
[(dhzct,KVSMISSING)]
(asysp,prwxdh9p)
(aeica,mj9ez7pv)
(aebiv,9yxp4gck)
(bzzgx,dvyhvjpg)
(cfrbz,uit3bf6f)
(dkdux,x2y7j9v3)
(eouuu,xgjur03t)
(eabfu,rmehfx5v)
(ewquj,ru7e5kw8)
(entgg,m35iu8nx)
(eopoz,bsea99if)
(gppoc,zfpobntb)
(gbynu,gtndbj7s)
(gpaac,tnnb36ve)
(hpduk,dlgkmvoe)
(ipamo,8nhyhgec)
(jvyzm,wdo2qkq4)
(jagfh,zgjf4z54)
(kaizy,e2kl3d9w)
(lvyxy,xmrc23k6)
(lpcuz,ko9em9wt)
(lkkqn,ajydx6f0)
(lhwbc,lwow22bj)
(mvzdn,cv3p9s2b)
(mijhx,15ln2637)
(nxell,e2ily8nx)
(oscpi,e1e17hxq)
(oyjdb,ddqtlojb)
(pnppc,i0n4hrxx)
(ptazb,uliit5w1)
(qapwz,qb0olwt7)
(qhryq,m52fk1vm)
(ryinn,prpdg27n)
(rvpec,afi0ybaz)
(shhkj,jndunrjo)
(toxay,q7rr6boa)
(usirm,jbdmg20n)
(uswvr,bpv9yj6p)
(ubtsr,j9a6zs2l)
(ubrjs,vjsgijlp)
(xpevi,xaxh6rw7)
(xpsgg,hga2tuzv)
(xguzv,362ceczd)
(xpvzi,73vhr4oh)
(ydjjq,g5znr0ns)
(yzgin,b91f6ojt)
(yhdkg,qdzq3bb6)
(yrses,ofha6vrg)
(ygwql,9p0rbpbx)
(yqmcw,8zqgmclw)
(zhgxh,eipt3mwt)
(asysp,prwxdh9p)
(aeica,mj9ez7pv)
(aebiv,9yxp4gck)
(bzzgx,dvyhvjpg)
(cfrbz,uit3bf6f)
(dkdux,x2y7j9v3)
(eouuu,xgjur03t)
(eabfu,rmehfx5v)
(ewquj,ru7e5kw8)
(entgg,m35iu8nx)
(eopoz,bsea99if)
(gppoc,zfpobntb)
(gbynu,gtndbj7s)
(gpaac,tnnb36ve)
(hpduk,dlgkmvoe)
(ipamo,8nhyhgec)
(jvyzm,wdo2qkq4)
(jagfh,zgjf4z54)
(kaizy,e2kl3d9w)
(lvyxy,xmrc23k6)
(lpcuz,ko9em9wt)
(lkkqn,ajydx6f0)
(lhwbc,lwow22bj)
(mvzdn,cv3p9s2b)
(mijhx,15ln2637)
(nxell,e2ily8nx)
(oscpi,e1e17hxq)
(oyjdb,ddqtlojb)
(pnppc,i0n4hrxx)
(ptazb,uliit5w1)
(qapwz,qb0olwt7)
(qhryq,m52fk1vm)
(ryinn,prpdg27n)
(rvpec,afi0ybaz)
(shhkj,jndunrjo)
(toxay,q7rr6boa)
(usirm,jbdmg20n)
(uswvr,bpv9yj6p)
(ubtsr,j9a6zs2l)
(ubrjs,vjsgijlp)
(xpevi,xaxh6rw7)
(xpsgg,hga2tuzv)
(xguzv,362ceczd)
(xpvzi,73vhr4oh)
(ydjjq,g5znr0ns)
(yzgin,b91f6ojt)
(yhdkg,qdzq3bb6)
(yrses,ofha6vrg)
(ygwql,9p0rbpbx)
(yqmcw,8zqgmclw)
(zhgxh,eipt3mwt)
